<?xml version="1.0" encoding="UTF-8"?>
<!-- Generated by org.testng.reporters.JUnitReportReporter -->
<testsuite hostname="SPBDQA6" name="com.kishore.SeleniumMaven.VerifyTitle" tests="1" failures="0" timestamp="23 Mar 2016 12:31:11 GMT" time="27.982" errors="0">
  <testcase name="test123" time="27.982" classname="com.kishore.SeleniumMaven.VerifyTitle"/>
</testsuite>
