<?xml version="1.0" encoding="UTF-8"?>
<!-- Generated by org.testng.reporters.JUnitReportReporter -->
<testsuite hostname="SPBDQA6" name="com.kishore.SeleniumMaven.VerifyTitle" tests="1" failures="0" timestamp="4 Apr 2016 12:31:16 GMT" time="37.704" errors="0">
  <testcase name="test123" time="37.704" classname="com.kishore.SeleniumMaven.VerifyTitle"/>
</testsuite>
